                            11/24/2023 at 23h54m07s                             


 ------------------------------------------------------------------------------
|   Another GFF Analysis Toolkit (AGAT) - Version: v1.2.0                      |
|   https://github.com/NBISweden/AGAT                                          |
|   National Bioinformatics Infrastructure Sweden (NBIS) - www.nbis.se         |
 ------------------------------------------------------------------------------
                                        
                                       
                          ------ Start parsing ------                           
-------------------------- parse options and metadata --------------------------
=> Accessing the feature_levels YAML file
Using standard /home/administrator/conda2/envs/Liftoff1.6.3.original/lib/perl5/site_perl/auto/share/dist/AGAT/feature_levels.yaml file
=> Attribute used to group features when no Parent/ID relationship exists (i.e common tag):
	* locus_tag
	* gene_id
=> merge_loci option deactivated
=> Machine information:
	This script is being run by perl v5.32.1
	Bioperl location being used: /home/administrator/conda2/envs/Liftoff1.6.3.original/lib/perl5/site_perl/Bio/
	Operating system being used: linux 
=> Accessing Ontology
	No ontology accessible from the gff file header!
	We use the SOFA ontology distributed with AGAT:
		/home/administrator/conda2/envs/Liftoff1.6.3.original/lib/perl5/site_perl/auto/share/dist/AGAT/so.obo
	Read ontology /home/administrator/conda2/envs/Liftoff1.6.3.original/lib/perl5/site_perl/auto/share/dist/AGAT/so.obo:
		4 root terms, and 2596 total terms, and 1516 leaf terms
	Filtering ontology:
The feature type (3rd column) is constrained to be either a term from the Sequence Ontology or an SO accession number. The latter alternative is distinguished using the syntax SO:000000. In either case, it must be sequence_feature (SO:0000110) or an is_a child of it.
We filter the ontology to apply this rule.		We found 1861 terms that are sequence_feature or is_a child of it.
--------------------------------- parsing file ---------------------------------
=> Number of line in file: 138
=> Number of comment lines: 1
=> Fasta included: No
=> Number of features lines: 137
=> Number of feature type (3rd column): 4
	* Level1: 1 => gene
	* level2: 1 => mRNA
	* level3: 2 => exon CDS
	* unknown: 0 => 
=> Version of the Bioperl GFF parser selected by AGAT: 3
                  ------ End parsing (done in 1 second) ------                  


                           ------ Start checks ------                           
---------------------------- Check1: feature types -----------------------------
----------------------------------- ontology -----------------------------------
All feature types in agreement with the Ontology.
------------------------------------- agat -------------------------------------
AGAT can deal with all the encountered feature types (3rd column)
------------------------------ done in 0 seconds -------------------------------

------------------------------ Check2: duplicates ------------------------------
None found
------------------------------ done in 0 seconds -------------------------------

-------------------------- Check3: sequential bucket ---------------------------
Nothing to check as sequential bucket!
------------------------------ done in 0 seconds -------------------------------

--------------------------- Check4: l2 linked to l3 ----------------------------
No problem found
------------------------------ done in 0 seconds -------------------------------

--------------------------- Check5: l1 linked to l2 ----------------------------
No problem found
------------------------------ done in 0 seconds -------------------------------

--------------------------- Check6: remove orphan l1 ---------------------------
We remove only those not supposed to be orphan
None found
------------------------------ done in 0 seconds -------------------------------

------------------------- Check7: all level3 locations -------------------------
------------------------------ done in 0 seconds -------------------------------

------------------------------ Check8: check cds -------------------------------
No problem found
------------------------------ done in 0 seconds -------------------------------

----------------------------- Check9: check exons ------------------------------
No exons created
No exons locations modified
No supernumerary exons removed
No level2 locations modified
------------------------------ done in 0 seconds -------------------------------

----------------------------- Check10: check utrs ------------------------------
Create one UTR for pgsc0003dmt400022626
:DMv6.1_chr07	Liftoff	three_prime_UTR	44211995	44213396	.	-	.	ID "nbis-three_prime_utr-1"  ; Name PGSC0003DME400060528 ; Parent PGSC0003DMT400022626 ; extra_copy_number 0
Create one UTR for pgsc0003dmt400024256
:DMv6.1_chr04	Liftoff	five_prime_UTR	59274068	59274574	.	+	.	ID "nbis-five_prime_utr-1"  ; Name PGSC0003DME400065307 ; Parent PGSC0003DMT400024256 ; extra_copy_number 0
Create one UTR for pgsc0003dmt400036386
:DMv6.1_chr12	Liftoff	five_prime_UTR	49727899	49727902	.	+	.	ID "nbis-five_prime_utr-2"  ; Name PGSC0003DME400096435 ; Parent PGSC0003DMT400036386 ; extra_copy_number 0
Create one UTR for pgsc0003dmt400036386
:DMv6.1_chr12	Liftoff	three_prime_UTR	49728159	49728276	.	+	.	ID "nbis-three_prime_utr-2"  ; Name PGSC0003DME400096435 ; Parent PGSC0003DMT400036386 ; extra_copy_number 0
Create one UTR for pgsc0003dmt400040401
:DMv6.1_chr06	Liftoff	three_prime_UTR	30016936	30016954	.	-	.	ID "nbis-three_prime_utr-3"  ; Name PGSC0003DME400107178 ; Parent PGSC0003DMT400040401 ; extra_copy_number 0
Create one UTR for pgsc0003dmt400040401
:DMv6.1_chr06	Liftoff	five_prime_UTR	30017129	30017302	.	-	.	ID "nbis-five_prime_utr-3"  ; Name PGSC0003DME400107178 ; Parent PGSC0003DMT400040401 ; extra_copy_number 0
Create one UTR for pgsc0003dmt400051409
:DMv6.1_chr06	Liftoff	five_prime_UTR	21201443	21201449	.	+	.	ID "nbis-five_prime_utr-4"  ; Name PGSC0003DME400135258 ; Parent PGSC0003DMT400051409 ; extra_copy_number 0
Create one UTR for pgsc0003dmt400051409
:DMv6.1_chr06	Liftoff	three_prime_UTR	21202025	21202053	.	+	.	ID "nbis-three_prime_utr-4"  ; Name PGSC0003DME400135258 ; Parent PGSC0003DMT400051409 ; extra_copy_number 0
Create one UTR for pgsc0003dmt400054079
:DMv6.1_chr02	Liftoff	three_prime_UTR	17465350	17465439	.	-	.	ID "nbis-three_prime_utr-5"  ; Name PGSC0003DME400142099 ; Parent PGSC0003DMT400054079 ; extra_copy_number 0
Create one UTR for pgsc0003dmt400054079
:DMv6.1_chr02	Liftoff	five_prime_UTR	17465731	17465831	.	-	.	ID "nbis-five_prime_utr-5"  ; Name PGSC0003DME400142099 ; Parent PGSC0003DMT400054079 ; extra_copy_number 0
Create one UTR for pgsc0003dmt400061417
:DMv6.1_chr04	Liftoff	five_prime_UTR	18503929	18504052	.	+	.	ID "nbis-five_prime_utr-6"  ; Name PGSC0003DME400161372 ; Parent PGSC0003DMT400061417 ; extra_copy_number 0
Create one UTR for pgsc0003dmt400061417
:DMv6.1_chr04	Liftoff	three_prime_UTR	18504260	18504376	.	+	.	ID "nbis-three_prime_utr-6"  ; Name PGSC0003DME400161372 ; Parent PGSC0003DMT400061417 ; extra_copy_number 0
Create one UTR for pgsc0003dmt400066994
:DMv6.1_chr01	Liftoff	three_prime_UTR	70884215	70884584	.	-	.	ID "nbis-three_prime_utr-7"  ; Name PGSC0003DME400176310 ; Parent PGSC0003DMT400066994 ; extra_copy_number 0
Create one UTR for pgsc0003dmt400066994
:DMv6.1_chr01	Liftoff	five_prime_UTR	70884804	70884907	.	-	.	ID "nbis-five_prime_utr-7"  ; Name PGSC0003DME400176310 ; Parent PGSC0003DMT400066994 ; extra_copy_number 0
Create one UTR for pgsc0003dmt400074109
:DMv6.1_chr03	Liftoff	five_prime_UTR	56033464	56033514	.	+	.	ID "nbis-five_prime_utr-8"  ; Name PGSC0003DME400195576 ; Parent PGSC0003DMT400074109 ; extra_copy_number 0
Create one UTR for pgsc0003dmt400074109
:DMv6.1_chr03	Liftoff	three_prime_UTR	56033668	56034190	.	+	.	ID "nbis-three_prime_utr-8"  ; Name PGSC0003DME400195576 ; Parent PGSC0003DMT400074109 ; extra_copy_number 0
Create one UTR for pgsc0003dmt400083954
:DMv6.1_chr04	Liftoff	five_prime_UTR	22080012	22082072	.	+	.	ID "nbis-five_prime_utr-9"  ; Name PGSC0003DME400219548 ; Parent PGSC0003DMT400083954 ; extra_copy_number 0
Create one UTR for pgsc0003dmt400083954
:DMv6.1_chr04	Liftoff	three_prime_UTR	22082244	22082544	.	+	.	ID "nbis-three_prime_utr-9"  ; Name PGSC0003DME400219548 ; Parent PGSC0003DMT400083954 ; extra_copy_number 0
18 UTRs created that were missing
No UTRs locations modified
No supernumerary UTRs removed
------------------------------ done in 0 seconds -------------------------------

------------------------ Check11: all level2 locations -------------------------
No problem found
------------------------------ done in 0 seconds -------------------------------

------------------------ Check12: all level1 locations -------------------------
No problem found
------------------------------ done in 0 seconds -------------------------------

---------------------- Check13: remove identical isoforms ----------------------
None found
------------------------------ done in 0 seconds -------------------------------
                  ------ End checks (done in 0 second) ------                   


